app/build/intermediates/manifest_merge_blame_file/debug/processDebugMainManifest/manifest-merger-blame-debug-report.txt
1<?xml version="1.0" encoding="utf-8"?>
2<manifest xmlns:android="http://schemas.android.com/apk/res/android"
3    package="com.luddy.bloomington_transit"
4    android:versionCode="1"
5    android:versionName="1.0" >
6
7    <uses-sdk
8        android:minSdkVersion="26"
9        android:targetSdkVersion="35" />
10
11    <!-- Location permissions -->
12    <uses-permission android:name="android.permission.ACCESS_FINE_LOCATION" />
12-->src/main/AndroidManifest.xml:5:5-79
12-->src/main/AndroidManifest.xml:5:22-76
13    <uses-permission android:name="android.permission.ACCESS_COARSE_LOCATION" />
13-->src/main/AndroidManifest.xml:6:5-81
13-->src/main/AndroidManifest.xml:6:22-78
14    <uses-permission android:name="android.permission.ACCESS_BACKGROUND_LOCATION" />
14-->src/main/AndroidManifest.xml:7:5-85
14-->src/main/AndroidManifest.xml:7:22-82
15
16    <!-- Network -->
17    <uses-permission android:name="android.permission.INTERNET" />
17-->src/main/AndroidManifest.xml:10:5-67
17-->src/main/AndroidManifest.xml:10:22-64
18    <uses-permission android:name="android.permission.ACCESS_NETWORK_STATE" />
18-->src/main/AndroidManifest.xml:11:5-79
18-->src/main/AndroidManifest.xml:11:22-76
19
20    <!-- Notifications (Android 13+) -->
21    <uses-permission android:name="android.permission.POST_NOTIFICATIONS" />
21-->src/main/AndroidManifest.xml:14:5-77
21-->src/main/AndroidManifest.xml:14:22-74
22
23    <!-- Foreground service -->
24    <uses-permission android:name="android.permission.FOREGROUND_SERVICE" />
24-->src/main/AndroidManifest.xml:17:5-77
24-->src/main/AndroidManifest.xml:17:22-74
25    <uses-permission android:name="android.permission.FOREGROUND_SERVICE_LOCATION" />
25-->src/main/AndroidManifest.xml:18:5-86
25-->src/main/AndroidManifest.xml:18:22-83
26
27    <!-- Widget update via broadcast -->
28    <uses-permission android:name="android.permission.RECEIVE_BOOT_COMPLETED" />
28-->src/main/AndroidManifest.xml:21:5-81
28-->src/main/AndroidManifest.xml:21:22-78
29
30    <uses-feature
30-->[com.google.android.gms:play-services-maps:19.0.0] AndroidManifest.xml:26:5-28:35
31        android:glEsVersion="0x00020000"
31-->[com.google.android.gms:play-services-maps:19.0.0] AndroidManifest.xml:27:9-41
32        android:required="true" />
32-->[com.google.android.gms:play-services-maps:19.0.0] AndroidManifest.xml:28:9-32
33
34    <queries>
34-->[com.google.android.gms:play-services-maps:19.0.0] AndroidManifest.xml:30:5-34:15
35
36        <!-- Needs to be explicitly declared on Android R+ -->
37        <package android:name="com.google.android.apps.maps" />
37-->[com.google.android.gms:play-services-maps:19.0.0] AndroidManifest.xml:33:9-64
37-->[com.google.android.gms:play-services-maps:19.0.0] AndroidManifest.xml:33:18-61
38    </queries>
39
40    <uses-permission android:name="android.permission.WAKE_LOCK" />
40-->[androidx.work:work-runtime:2.9.1] AndroidManifest.xml:23:5-68
40-->[androidx.work:work-runtime:2.9.1] AndroidManifest.xml:23:22-65
41
42    <permission
42-->[androidx.core:core:1.13.1] AndroidManifest.xml:22:5-24:47
43        android:name="com.luddy.bloomington_transit.DYNAMIC_RECEIVER_NOT_EXPORTED_PERMISSION"
43-->[androidx.core:core:1.13.1] AndroidManifest.xml:23:9-81
44        android:protectionLevel="signature" />
44-->[androidx.core:core:1.13.1] AndroidManifest.xml:24:9-44
45
46    <uses-permission android:name="com.luddy.bloomington_transit.DYNAMIC_RECEIVER_NOT_EXPORTED_PERMISSION" />
46-->[androidx.core:core:1.13.1] AndroidManifest.xml:26:5-97
46-->[androidx.core:core:1.13.1] AndroidManifest.xml:26:22-94
47
48    <application
48-->src/main/AndroidManifest.xml:23:5-81:19
49        android:name="com.luddy.bloomington_transit.BloomingtonTransitApp"
49-->src/main/AndroidManifest.xml:24:9-46
50        android:allowBackup="true"
50-->src/main/AndroidManifest.xml:25:9-35
51        android:appComponentFactory="androidx.core.app.CoreComponentFactory"
51-->[androidx.core:core:1.13.1] AndroidManifest.xml:28:18-86
52        android:debuggable="true"
53        android:extractNativeLibs="false"
54        android:icon="@mipmap/ic_launcher"
54-->src/main/AndroidManifest.xml:26:9-43
55        android:label="@string/app_name"
55-->src/main/AndroidManifest.xml:27:9-41
56        android:roundIcon="@mipmap/ic_launcher_round"
56-->src/main/AndroidManifest.xml:28:9-54
57        android:supportsRtl="true"
57-->src/main/AndroidManifest.xml:29:9-35
58        android:theme="@style/Theme.BloomingtonTransit" >
58-->src/main/AndroidManifest.xml:30:9-56
59
60        <!-- Google Maps API Key -->
61        <meta-data
62            android:name="com.google.android.geo.API_KEY"
62-->src/main/AndroidManifest.xml:34:13-58
63            android:value="REDACTED_GOOGLE_MAPS_KEY" />
63-->src/main/AndroidManifest.xml:35:13-44
64
65        <activity
65-->src/main/AndroidManifest.xml:37:9-51:20
66            android:name="com.luddy.bloomington_transit.MainActivity"
66-->src/main/AndroidManifest.xml:38:13-41
67            android:exported="true"
67-->src/main/AndroidManifest.xml:39:13-36
68            android:theme="@style/Theme.BloomingtonTransit" >
68-->src/main/AndroidManifest.xml:40:13-60
69            <intent-filter>
69-->src/main/AndroidManifest.xml:41:13-44:29
70                <action android:name="android.intent.action.MAIN" />
70-->src/main/AndroidManifest.xml:42:17-69
70-->src/main/AndroidManifest.xml:42:25-66
71
72                <category android:name="android.intent.category.LAUNCHER" />
72-->src/main/AndroidManifest.xml:43:17-77
72-->src/main/AndroidManifest.xml:43:27-74
73            </intent-filter>
74            <!-- Deep link from widget tap -->
75            <intent-filter>
75-->src/main/AndroidManifest.xml:46:13-50:29
76                <action android:name="android.intent.action.VIEW" />
76-->src/main/AndroidManifest.xml:47:17-69
76-->src/main/AndroidManifest.xml:47:25-66
77
78                <category android:name="android.intent.category.DEFAULT" />
78-->src/main/AndroidManifest.xml:48:17-76
78-->src/main/AndroidManifest.xml:48:27-73
79
80                <data
80-->src/main/AndroidManifest.xml:49:17-73
81                    android:host="bus"
81-->src/main/AndroidManifest.xml:49:52-70
82                    android:scheme="bloomington" />
82-->src/main/AndroidManifest.xml:49:23-51
83            </intent-filter>
84        </activity>
85
86        <!-- Bus tracking foreground service -->
87        <service
87-->src/main/AndroidManifest.xml:54:9-57:40
88            android:name="com.luddy.bloomington_transit.service.BusTrackingService"
88-->src/main/AndroidManifest.xml:55:13-55
89            android:exported="false"
89-->src/main/AndroidManifest.xml:57:13-37
90            android:foregroundServiceType="location" />
90-->src/main/AndroidManifest.xml:56:13-53
91
92        <!-- Home screen widget -->
93        <receiver
93-->src/main/AndroidManifest.xml:60:9-69:20
94            android:name="com.luddy.bloomington_transit.widget.BusWidgetReceiver"
94-->src/main/AndroidManifest.xml:61:13-53
95            android:exported="true" >
95-->src/main/AndroidManifest.xml:62:13-36
96            <intent-filter>
96-->src/main/AndroidManifest.xml:63:13-65:29
97                <action android:name="android.appwidget.action.APPWIDGET_UPDATE" />
97-->src/main/AndroidManifest.xml:64:17-84
97-->src/main/AndroidManifest.xml:64:25-81
98            </intent-filter>
99
100            <meta-data
100-->src/main/AndroidManifest.xml:66:13-68:59
101                android:name="android.appwidget.provider"
101-->src/main/AndroidManifest.xml:67:17-58
102                android:resource="@xml/bus_widget_info" />
102-->src/main/AndroidManifest.xml:68:17-56
103        </receiver>
104
105        <!-- WorkManager for widget refresh -->
106        <provider
107            android:name="androidx.startup.InitializationProvider"
107-->src/main/AndroidManifest.xml:73:13-67
108            android:authorities="com.luddy.bloomington_transit.androidx-startup"
108-->src/main/AndroidManifest.xml:74:13-68
109            android:exported="false" >
109-->src/main/AndroidManifest.xml:75:13-37
110            <meta-data
110-->src/main/AndroidManifest.xml:76:13-78:52
111                android:name="androidx.work.WorkManagerInitializer"
111-->src/main/AndroidManifest.xml:77:17-68
112                android:value="androidx.startup" />
112-->src/main/AndroidManifest.xml:78:17-49
113            <meta-data
113-->[androidx.emoji2:emoji2:1.3.0] AndroidManifest.xml:29:13-31:52
114                android:name="androidx.emoji2.text.EmojiCompatInitializer"
114-->[androidx.emoji2:emoji2:1.3.0] AndroidManifest.xml:30:17-75
115                android:value="androidx.startup" />
115-->[androidx.emoji2:emoji2:1.3.0] AndroidManifest.xml:31:17-49
116            <meta-data
116-->[androidx.lifecycle:lifecycle-process:2.8.6] AndroidManifest.xml:29:13-31:52
117                android:name="androidx.lifecycle.ProcessLifecycleInitializer"
117-->[androidx.lifecycle:lifecycle-process:2.8.6] AndroidManifest.xml:30:17-78
118                android:value="androidx.startup" />
118-->[androidx.lifecycle:lifecycle-process:2.8.6] AndroidManifest.xml:31:17-49
119            <meta-data
119-->[androidx.profileinstaller:profileinstaller:1.3.1] AndroidManifest.xml:29:13-31:52
120                android:name="androidx.profileinstaller.ProfileInstallerInitializer"
120-->[androidx.profileinstaller:profileinstaller:1.3.1] AndroidManifest.xml:30:17-85
121                android:value="androidx.startup" />
121-->[androidx.profileinstaller:profileinstaller:1.3.1] AndroidManifest.xml:31:17-49
122        </provider>
123
124        <activity
124-->[androidx.glance:glance-appwidget:1.1.0] AndroidManifest.xml:23:9-28:62
125            android:name="androidx.glance.appwidget.action.ActionTrampolineActivity"
125-->[androidx.glance:glance-appwidget:1.1.0] AndroidManifest.xml:24:13-85
126            android:enabled="true"
126-->[androidx.glance:glance-appwidget:1.1.0] AndroidManifest.xml:25:13-35
127            android:excludeFromRecents="true"
127-->[androidx.glance:glance-appwidget:1.1.0] AndroidManifest.xml:26:13-46
128            android:exported="false"
128-->[androidx.glance:glance-appwidget:1.1.0] AndroidManifest.xml:27:13-37
129            android:theme="@android:style/Theme.NoDisplay" />
129-->[androidx.glance:glance-appwidget:1.1.0] AndroidManifest.xml:28:13-59
130        <activity
130-->[androidx.glance:glance-appwidget:1.1.0] AndroidManifest.xml:29:9-36:81
131            android:name="androidx.glance.appwidget.action.InvisibleActionTrampolineActivity"
131-->[androidx.glance:glance-appwidget:1.1.0] AndroidManifest.xml:30:13-94
132            android:enabled="true"
132-->[androidx.glance:glance-appwidget:1.1.0] AndroidManifest.xml:31:13-35
133            android:exported="false"
133-->[androidx.glance:glance-appwidget:1.1.0] AndroidManifest.xml:32:13-37
134            android:launchMode="singleInstance"
134-->[androidx.glance:glance-appwidget:1.1.0] AndroidManifest.xml:33:13-48
135            android:noHistory="true"
135-->[androidx.glance:glance-appwidget:1.1.0] AndroidManifest.xml:34:13-37
136            android:taskAffinity="androidx.glance.appwidget.ListAdapterCallbackTrampoline"
136-->[androidx.glance:glance-appwidget:1.1.0] AndroidManifest.xml:35:13-91
137            android:theme="@style/Widget.Glance.AppWidget.CallbackTrampoline" />
137-->[androidx.glance:glance-appwidget:1.1.0] AndroidManifest.xml:36:13-78
138
139        <receiver
139-->[androidx.glance:glance-appwidget:1.1.0] AndroidManifest.xml:38:9-41:40
140            android:name="androidx.glance.appwidget.action.ActionCallbackBroadcastReceiver"
140-->[androidx.glance:glance-appwidget:1.1.0] AndroidManifest.xml:39:13-92
141            android:enabled="true"
141-->[androidx.glance:glance-appwidget:1.1.0] AndroidManifest.xml:40:13-35
142            android:exported="false" />
142-->[androidx.glance:glance-appwidget:1.1.0] AndroidManifest.xml:41:13-37
143        <receiver
143-->[androidx.glance:glance-appwidget:1.1.0] AndroidManifest.xml:42:9-45:40
144            android:name="androidx.glance.appwidget.UnmanagedSessionReceiver"
144-->[androidx.glance:glance-appwidget:1.1.0] AndroidManifest.xml:43:13-78
145            android:enabled="true"
145-->[androidx.glance:glance-appwidget:1.1.0] AndroidManifest.xml:44:13-35
146            android:exported="false" />
146-->[androidx.glance:glance-appwidget:1.1.0] AndroidManifest.xml:45:13-37
147        <receiver
147-->[androidx.glance:glance-appwidget:1.1.0] AndroidManifest.xml:46:9-53:20
148            android:name="androidx.glance.appwidget.MyPackageReplacedReceiver"
148-->[androidx.glance:glance-appwidget:1.1.0] AndroidManifest.xml:47:13-79
149            android:enabled="true"
149-->[androidx.glance:glance-appwidget:1.1.0] AndroidManifest.xml:48:13-35
150            android:exported="false" >
150-->[androidx.glance:glance-appwidget:1.1.0] AndroidManifest.xml:49:13-37
151            <intent-filter>
151-->[androidx.glance:glance-appwidget:1.1.0] AndroidManifest.xml:50:13-52:29
152                <action android:name="android.intent.action.MY_PACKAGE_REPLACED" />
152-->[androidx.glance:glance-appwidget:1.1.0] AndroidManifest.xml:51:17-84
152-->[androidx.glance:glance-appwidget:1.1.0] AndroidManifest.xml:51:25-81
153            </intent-filter>
154        </receiver>
155
156        <service
156-->[androidx.glance:glance-appwidget:1.1.0] AndroidManifest.xml:55:9-58:72
157            android:name="androidx.glance.appwidget.GlanceRemoteViewsService"
157-->[androidx.glance:glance-appwidget:1.1.0] AndroidManifest.xml:56:13-78
158            android:exported="true"
158-->[androidx.glance:glance-appwidget:1.1.0] AndroidManifest.xml:57:13-36
159            android:permission="android.permission.BIND_REMOTEVIEWS" /> <!-- Needs to be explicitly declared on P+ -->
159-->[androidx.glance:glance-appwidget:1.1.0] AndroidManifest.xml:58:13-69
160        <uses-library
160-->[com.google.android.gms:play-services-maps:19.0.0] AndroidManifest.xml:39:9-41:40
161            android:name="org.apache.http.legacy"
161-->[com.google.android.gms:play-services-maps:19.0.0] AndroidManifest.xml:40:13-50
162            android:required="false" />
162-->[com.google.android.gms:play-services-maps:19.0.0] AndroidManifest.xml:41:13-37
163
164        <activity
164-->[com.google.android.gms:play-services-base:18.5.0] AndroidManifest.xml:5:9-173
165            android:name="com.google.android.gms.common.api.GoogleApiActivity"
165-->[com.google.android.gms:play-services-base:18.5.0] AndroidManifest.xml:5:19-85
166            android:exported="false"
166-->[com.google.android.gms:play-services-base:18.5.0] AndroidManifest.xml:5:146-170
167            android:theme="@android:style/Theme.Translucent.NoTitleBar" />
167-->[com.google.android.gms:play-services-base:18.5.0] AndroidManifest.xml:5:86-145
168
169        <service
169-->[androidx.room:room-runtime:2.6.1] AndroidManifest.xml:24:9-28:63
170            android:name="androidx.room.MultiInstanceInvalidationService"
170-->[androidx.room:room-runtime:2.6.1] AndroidManifest.xml:25:13-74
171            android:directBootAware="true"
171-->[androidx.room:room-runtime:2.6.1] AndroidManifest.xml:26:13-43
172            android:exported="false" />
172-->[androidx.room:room-runtime:2.6.1] AndroidManifest.xml:27:13-37
173        <service
173-->[androidx.work:work-runtime:2.9.1] AndroidManifest.xml:39:9-45:35
174            android:name="androidx.work.impl.background.systemalarm.SystemAlarmService"
174-->[androidx.work:work-runtime:2.9.1] AndroidManifest.xml:40:13-88
175            android:directBootAware="false"
175-->[androidx.work:work-runtime:2.9.1] AndroidManifest.xml:41:13-44
176            android:enabled="@bool/enable_system_alarm_service_default"
176-->[androidx.work:work-runtime:2.9.1] AndroidManifest.xml:42:13-72
177            android:exported="false" />
177-->[androidx.work:work-runtime:2.9.1] AndroidManifest.xml:43:13-37
178        <service
178-->[androidx.work:work-runtime:2.9.1] AndroidManifest.xml:46:9-52:35
179            android:name="androidx.work.impl.background.systemjob.SystemJobService"
179-->[androidx.work:work-runtime:2.9.1] AndroidManifest.xml:47:13-84
180            android:directBootAware="false"
180-->[androidx.work:work-runtime:2.9.1] AndroidManifest.xml:48:13-44
181            android:enabled="@bool/enable_system_job_service_default"
181-->[androidx.work:work-runtime:2.9.1] AndroidManifest.xml:49:13-70
182            android:exported="true"
182-->[androidx.work:work-runtime:2.9.1] AndroidManifest.xml:50:13-36
183            android:permission="android.permission.BIND_JOB_SERVICE" />
183-->[androidx.work:work-runtime:2.9.1] AndroidManifest.xml:51:13-69
184        <service
184-->[androidx.work:work-runtime:2.9.1] AndroidManifest.xml:53:9-59:35
185            android:name="androidx.work.impl.foreground.SystemForegroundService"
185-->[androidx.work:work-runtime:2.9.1] AndroidManifest.xml:54:13-81
186            android:directBootAware="false"
186-->[androidx.work:work-runtime:2.9.1] AndroidManifest.xml:55:13-44
187            android:enabled="@bool/enable_system_foreground_service_default"
187-->[androidx.work:work-runtime:2.9.1] AndroidManifest.xml:56:13-77
188            android:exported="false" />
188-->[androidx.work:work-runtime:2.9.1] AndroidManifest.xml:57:13-37
189
190        <receiver
190-->[androidx.work:work-runtime:2.9.1] AndroidManifest.xml:61:9-66:35
191            android:name="androidx.work.impl.utils.ForceStopRunnable$BroadcastReceiver"
191-->[androidx.work:work-runtime:2.9.1] AndroidManifest.xml:62:13-88
192            android:directBootAware="false"
192-->[androidx.work:work-runtime:2.9.1] AndroidManifest.xml:63:13-44
193            android:enabled="true"
193-->[androidx.work:work-runtime:2.9.1] AndroidManifest.xml:64:13-35
194            android:exported="false" />
194-->[androidx.work:work-runtime:2.9.1] AndroidManifest.xml:65:13-37
195        <receiver
195-->[androidx.work:work-runtime:2.9.1] AndroidManifest.xml:67:9-77:20
196            android:name="androidx.work.impl.background.systemalarm.ConstraintProxy$BatteryChargingProxy"
196-->[androidx.work:work-runtime:2.9.1] AndroidManifest.xml:68:13-106
197            android:directBootAware="false"
197-->[androidx.work:work-runtime:2.9.1] AndroidManifest.xml:69:13-44
198            android:enabled="false"
198-->[androidx.work:work-runtime:2.9.1] AndroidManifest.xml:70:13-36
199            android:exported="false" >
199-->[androidx.work:work-runtime:2.9.1] AndroidManifest.xml:71:13-37
200            <intent-filter>
200-->[androidx.work:work-runtime:2.9.1] AndroidManifest.xml:73:13-76:29
201                <action android:name="android.intent.action.ACTION_POWER_CONNECTED" />
201-->[androidx.work:work-runtime:2.9.1] AndroidManifest.xml:74:17-87
201-->[androidx.work:work-runtime:2.9.1] AndroidManifest.xml:74:25-84
202                <action android:name="android.intent.action.ACTION_POWER_DISCONNECTED" />
202-->[androidx.work:work-runtime:2.9.1] AndroidManifest.xml:75:17-90
202-->[androidx.work:work-runtime:2.9.1] AndroidManifest.xml:75:25-87
203            </intent-filter>
204        </receiver>
205        <receiver
205-->[androidx.work:work-runtime:2.9.1] AndroidManifest.xml:78:9-88:20
206            android:name="androidx.work.impl.background.systemalarm.ConstraintProxy$BatteryNotLowProxy"
206-->[androidx.work:work-runtime:2.9.1] AndroidManifest.xml:79:13-104
207            android:directBootAware="false"
207-->[androidx.work:work-runtime:2.9.1] AndroidManifest.xml:80:13-44
208            android:enabled="false"
208-->[androidx.work:work-runtime:2.9.1] AndroidManifest.xml:81:13-36
209            android:exported="false" >
209-->[androidx.work:work-runtime:2.9.1] AndroidManifest.xml:82:13-37
210            <intent-filter>
210-->[androidx.work:work-runtime:2.9.1] AndroidManifest.xml:84:13-87:29
211                <action android:name="android.intent.action.BATTERY_OKAY" />
211-->[androidx.work:work-runtime:2.9.1] AndroidManifest.xml:85:17-77
211-->[androidx.work:work-runtime:2.9.1] AndroidManifest.xml:85:25-74
212                <action android:name="android.intent.action.BATTERY_LOW" />
212-->[androidx.work:work-runtime:2.9.1] AndroidManifest.xml:86:17-76
212-->[androidx.work:work-runtime:2.9.1] AndroidManifest.xml:86:25-73
213            </intent-filter>
214        </receiver>
215        <receiver
215-->[androidx.work:work-runtime:2.9.1] AndroidManifest.xml:89:9-99:20
216            android:name="androidx.work.impl.background.systemalarm.ConstraintProxy$StorageNotLowProxy"
216-->[androidx.work:work-runtime:2.9.1] AndroidManifest.xml:90:13-104
217            android:directBootAware="false"
217-->[androidx.work:work-runtime:2.9.1] AndroidManifest.xml:91:13-44
218            android:enabled="false"
218-->[androidx.work:work-runtime:2.9.1] AndroidManifest.xml:92:13-36
219            android:exported="false" >
219-->[androidx.work:work-runtime:2.9.1] AndroidManifest.xml:93:13-37
220            <intent-filter>
220-->[androidx.work:work-runtime:2.9.1] AndroidManifest.xml:95:13-98:29
221                <action android:name="android.intent.action.DEVICE_STORAGE_LOW" />
221-->[androidx.work:work-runtime:2.9.1] AndroidManifest.xml:96:17-83
221-->[androidx.work:work-runtime:2.9.1] AndroidManifest.xml:96:25-80
222                <action android:name="android.intent.action.DEVICE_STORAGE_OK" />
222-->[androidx.work:work-runtime:2.9.1] AndroidManifest.xml:97:17-82
222-->[androidx.work:work-runtime:2.9.1] AndroidManifest.xml:97:25-79
223            </intent-filter>
224        </receiver>
225        <receiver
225-->[androidx.work:work-runtime:2.9.1] AndroidManifest.xml:100:9-109:20
226            android:name="androidx.work.impl.background.systemalarm.ConstraintProxy$NetworkStateProxy"
226-->[androidx.work:work-runtime:2.9.1] AndroidManifest.xml:101:13-103
227            android:directBootAware="false"
227-->[androidx.work:work-runtime:2.9.1] AndroidManifest.xml:102:13-44
228            android:enabled="false"
228-->[androidx.work:work-runtime:2.9.1] AndroidManifest.xml:103:13-36
229            android:exported="false" >
229-->[androidx.work:work-runtime:2.9.1] AndroidManifest.xml:104:13-37
230            <intent-filter>
230-->[androidx.work:work-runtime:2.9.1] AndroidManifest.xml:106:13-108:29
231                <action android:name="android.net.conn.CONNECTIVITY_CHANGE" />
231-->[androidx.work:work-runtime:2.9.1] AndroidManifest.xml:107:17-79
231-->[androidx.work:work-runtime:2.9.1] AndroidManifest.xml:107:25-76
232            </intent-filter>
233        </receiver>
234        <receiver
234-->[androidx.work:work-runtime:2.9.1] AndroidManifest.xml:110:9-121:20
235            android:name="androidx.work.impl.background.systemalarm.RescheduleReceiver"
235-->[androidx.work:work-runtime:2.9.1] AndroidManifest.xml:111:13-88
236            android:directBootAware="false"
236-->[androidx.work:work-runtime:2.9.1] AndroidManifest.xml:112:13-44
237            android:enabled="false"
237-->[androidx.work:work-runtime:2.9.1] AndroidManifest.xml:113:13-36
238            android:exported="false" >
238-->[androidx.work:work-runtime:2.9.1] AndroidManifest.xml:114:13-37
239            <intent-filter>
239-->[androidx.work:work-runtime:2.9.1] AndroidManifest.xml:116:13-120:29
240                <action android:name="android.intent.action.BOOT_COMPLETED" />
240-->[androidx.work:work-runtime:2.9.1] AndroidManifest.xml:117:17-79
240-->[androidx.work:work-runtime:2.9.1] AndroidManifest.xml:117:25-76
241                <action android:name="android.intent.action.TIME_SET" />
241-->[androidx.work:work-runtime:2.9.1] AndroidManifest.xml:118:17-73
241-->[androidx.work:work-runtime:2.9.1] AndroidManifest.xml:118:25-70
242                <action android:name="android.intent.action.TIMEZONE_CHANGED" />
242-->[androidx.work:work-runtime:2.9.1] AndroidManifest.xml:119:17-81
242-->[androidx.work:work-runtime:2.9.1] AndroidManifest.xml:119:25-78
243            </intent-filter>
244        </receiver>
245        <receiver
245-->[androidx.work:work-runtime:2.9.1] AndroidManifest.xml:122:9-131:20
246            android:name="androidx.work.impl.background.systemalarm.ConstraintProxyUpdateReceiver"
246-->[androidx.work:work-runtime:2.9.1] AndroidManifest.xml:123:13-99
247            android:directBootAware="false"
247-->[androidx.work:work-runtime:2.9.1] AndroidManifest.xml:124:13-44
248            android:enabled="@bool/enable_system_alarm_service_default"
248-->[androidx.work:work-runtime:2.9.1] AndroidManifest.xml:125:13-72
249            android:exported="false" >
249-->[androidx.work:work-runtime:2.9.1] AndroidManifest.xml:126:13-37
250            <intent-filter>
250-->[androidx.work:work-runtime:2.9.1] AndroidManifest.xml:128:13-130:29
251                <action android:name="androidx.work.impl.background.systemalarm.UpdateProxies" />
251-->[androidx.work:work-runtime:2.9.1] AndroidManifest.xml:129:17-98
251-->[androidx.work:work-runtime:2.9.1] AndroidManifest.xml:129:25-95
252            </intent-filter>
253        </receiver>
254        <receiver
254-->[androidx.work:work-runtime:2.9.1] AndroidManifest.xml:132:9-142:20
255            android:name="androidx.work.impl.diagnostics.DiagnosticsReceiver"
255-->[androidx.work:work-runtime:2.9.1] AndroidManifest.xml:133:13-78
256            android:directBootAware="false"
256-->[androidx.work:work-runtime:2.9.1] AndroidManifest.xml:134:13-44
257            android:enabled="true"
257-->[androidx.work:work-runtime:2.9.1] AndroidManifest.xml:135:13-35
258            android:exported="true"
258-->[androidx.work:work-runtime:2.9.1] AndroidManifest.xml:136:13-36
259            android:permission="android.permission.DUMP" >
259-->[androidx.work:work-runtime:2.9.1] AndroidManifest.xml:137:13-57
260            <intent-filter>
260-->[androidx.work:work-runtime:2.9.1] AndroidManifest.xml:139:13-141:29
261                <action android:name="androidx.work.diagnostics.REQUEST_DIAGNOSTICS" />
261-->[androidx.work:work-runtime:2.9.1] AndroidManifest.xml:140:17-88
261-->[androidx.work:work-runtime:2.9.1] AndroidManifest.xml:140:25-85
262            </intent-filter>
263        </receiver>
264
265        <activity
265-->[androidx.compose.ui:ui-tooling-android:1.7.3] AndroidManifest.xml:23:9-25:39
266            android:name="androidx.compose.ui.tooling.PreviewActivity"
266-->[androidx.compose.ui:ui-tooling-android:1.7.3] AndroidManifest.xml:24:13-71
267            android:exported="true" />
267-->[androidx.compose.ui:ui-tooling-android:1.7.3] AndroidManifest.xml:25:13-36
268
269        <meta-data
269-->[com.google.android.gms:play-services-basement:18.4.0] AndroidManifest.xml:6:9-122
270            android:name="com.google.android.gms.version"
270-->[com.google.android.gms:play-services-basement:18.4.0] AndroidManifest.xml:6:20-65
271            android:value="@integer/google_play_services_version" />
271-->[com.google.android.gms:play-services-basement:18.4.0] AndroidManifest.xml:6:66-119
272
273        <service
273-->[androidx.core:core-remoteviews:1.1.0] AndroidManifest.xml:24:9-27:63
274            android:name="androidx.core.widget.RemoteViewsCompatService"
274-->[androidx.core:core-remoteviews:1.1.0] AndroidManifest.xml:25:13-73
275            android:permission="android.permission.BIND_REMOTEVIEWS" />
275-->[androidx.core:core-remoteviews:1.1.0] AndroidManifest.xml:26:13-69
276
277        <receiver
277-->[androidx.profileinstaller:profileinstaller:1.3.1] AndroidManifest.xml:34:9-52:20
278            android:name="androidx.profileinstaller.ProfileInstallReceiver"
278-->[androidx.profileinstaller:profileinstaller:1.3.1] AndroidManifest.xml:35:13-76
279            android:directBootAware="false"
279-->[androidx.profileinstaller:profileinstaller:1.3.1] AndroidManifest.xml:36:13-44
280            android:enabled="true"
280-->[androidx.profileinstaller:profileinstaller:1.3.1] AndroidManifest.xml:37:13-35
281            android:exported="true"
281-->[androidx.profileinstaller:profileinstaller:1.3.1] AndroidManifest.xml:38:13-36
282            android:permission="android.permission.DUMP" >
282-->[androidx.profileinstaller:profileinstaller:1.3.1] AndroidManifest.xml:39:13-57
283            <intent-filter>
283-->[androidx.profileinstaller:profileinstaller:1.3.1] AndroidManifest.xml:40:13-42:29
284                <action android:name="androidx.profileinstaller.action.INSTALL_PROFILE" />
284-->[androidx.profileinstaller:profileinstaller:1.3.1] AndroidManifest.xml:41:17-91
284-->[androidx.profileinstaller:profileinstaller:1.3.1] AndroidManifest.xml:41:25-88
285            </intent-filter>
286            <intent-filter>
286-->[androidx.profileinstaller:profileinstaller:1.3.1] AndroidManifest.xml:43:13-45:29
287                <action android:name="androidx.profileinstaller.action.SKIP_FILE" />
287-->[androidx.profileinstaller:profileinstaller:1.3.1] AndroidManifest.xml:44:17-85
287-->[androidx.profileinstaller:profileinstaller:1.3.1] AndroidManifest.xml:44:25-82
288            </intent-filter>
289            <intent-filter>
289-->[androidx.profileinstaller:profileinstaller:1.3.1] AndroidManifest.xml:46:13-48:29
290                <action android:name="androidx.profileinstaller.action.SAVE_PROFILE" />
290-->[androidx.profileinstaller:profileinstaller:1.3.1] AndroidManifest.xml:47:17-88
290-->[androidx.profileinstaller:profileinstaller:1.3.1] AndroidManifest.xml:47:25-85
291            </intent-filter>
292            <intent-filter>
292-->[androidx.profileinstaller:profileinstaller:1.3.1] AndroidManifest.xml:49:13-51:29
293                <action android:name="androidx.profileinstaller.action.BENCHMARK_OPERATION" />
293-->[androidx.profileinstaller:profileinstaller:1.3.1] AndroidManifest.xml:50:17-95
293-->[androidx.profileinstaller:profileinstaller:1.3.1] AndroidManifest.xml:50:25-92
294            </intent-filter>
295        </receiver>
296    </application>
297
298</manifest>